<?xml version="1.0" encoding="UTF-8"?>
<testng-results ignored="0" total="1" passed="1" failed="0" skipped="0">
  <reporter-output>
  </reporter-output>
  <suite started-at="2024-09-24T21:25:28 IST" name="Default suite" finished-at="2024-09-24T21:25:28 IST" duration-ms="148">
    <groups>
    </groups>
    <test started-at="2024-09-24T21:25:28 IST" name="Default test" finished-at="2024-09-24T21:25:28 IST" duration-ms="148">
      <class name="com.mvn.MavenP.TestngMaven">
        <test-method signature="test1()[pri:0, instance:com.mvn.MavenP.TestngMaven@359f7cdf]" started-at="2024-09-24T21:25:28 IST" name="test1" finished-at="2024-09-24T21:25:28 IST" duration-ms="29" status="PASS">
          <reporter-output>
          </reporter-output>
        </test-method> <!-- test1 -->
      </class> <!-- com.mvn.MavenP.TestngMaven -->
    </test> <!-- Default test -->
  </suite> <!-- Default suite -->
</testng-results>
